2022-06-22 14:34:16 [httpLog] {"method":"GET","url":"/","data":{},"startTime":"2022-06-22 14:34:16","endTime":"2022-06-22 14:34:16","timeLength":4}
2022-06-22 14:34:56 [httpLog] {"method":"POST","url":"/login","data":{"name":"admin","pwd":"admin"},"startTime":"2022-06-22 14:34:56","endTime":"2022-06-22 14:34:56","timeLength":1}
2022-06-22 14:34:56 [httpLog] {"method":"GET","url":"/user","data":{},"startTime":"2022-06-22 14:34:56","endTime":"2022-06-22 14:34:56","timeLength":10}
2022-06-22 14:37:20 [httpLog] {"method":"GET","url":"/user","data":{},"startTime":"2022-06-22 14:37:20","endTime":"2022-06-22 14:37:20","timeLength":10}
2022-06-22 14:37:37 [httpLog] {"method":"GET","url":"/","data":{},"startTime":"2022-06-22 14:37:37","endTime":"2022-06-22 14:37:37","timeLength":1}
2022-06-22 15:10:43 [httpLog] {"method":"GET","url":"/newApplication","data":{},"startTime":"2022-06-22 15:10:43","endTime":"2022-06-22 15:10:43","timeLength":2}
2022-06-22 15:12:40 [httpLog] {"method":"GET","url":"/newApplication","data":{},"startTime":"2022-06-22 15:12:40","endTime":"2022-06-22 15:12:40","timeLength":7}
2022-06-22 15:12:41 [httpLog] {"method":"GET","url":"/newApplication","data":{},"startTime":"2022-06-22 15:12:41","endTime":"2022-06-22 15:12:41","timeLength":4}
2022-06-22 15:13:15 [httpLog] {"method":"GET","url":"/newApplication","data":{},"startTime":"2022-06-22 15:13:15","endTime":"2022-06-22 15:13:15","timeLength":4}
2022-06-22 15:13:20 [httpLog] {"method":"GET","url":"/newApplication","data":{},"startTime":"2022-06-22 15:13:20","endTime":"2022-06-22 15:13:20","timeLength":1}
2022-06-22 15:13:59 [httpLog] {"method":"GET","url":"/newApplication","data":{},"startTime":"2022-06-22 15:13:59","endTime":"2022-06-22 15:13:59","timeLength":4}
2022-06-22 15:18:28 [httpLog] {"method":"GET","url":"/newApplication","data":{},"startTime":"2022-06-22 15:18:28","endTime":"2022-06-22 15:18:28","timeLength":7}
2022-06-22 15:25:54 [httpLog] {"method":"GET","url":"/newcontext","data":{},"startTime":"2022-06-22 15:25:54","endTime":"2022-06-22 15:25:54","timeLength":1}
2022-06-22 15:26:00 [httpLog] {"method":"GET","url":"/newContext","data":{},"startTime":"2022-06-22 15:26:00","endTime":"2022-06-22 15:26:00","timeLength":2}
2022-06-22 15:26:31 [httpLog] {"method":"GET","url":"/newContext?id=100","data":{},"startTime":"2022-06-22 15:26:31","endTime":"2022-06-22 15:26:31","timeLength":2}
2022-06-22 15:28:09 [httpLog] {"method":"POST","url":"/newContext","data":{"id":100,"name":"user"},"startTime":"2022-06-22 15:28:09","endTime":"2022-06-22 15:28:09","timeLength":1}
2022-06-22 15:28:38 [httpLog] {"method":"POST","url":"/newContext","data":{"id":100,"name":"user"},"startTime":"2022-06-22 15:28:38","endTime":"2022-06-22 15:28:38","timeLength":2}
2022-06-22 15:29:18 [httpLog] {"method":"POST","url":"/newContext","data":{"id":100,"name":"user"},"startTime":"2022-06-22 15:29:18","endTime":"2022-06-22 15:29:18","timeLength":3}
2022-06-22 16:14:33 [httpLog] {"method":"POST","url":"/newRequest","data":{"id":100,"name":"user"},"startTime":"2022-06-22 16:14:33","endTime":"2022-06-22 16:14:33","timeLength":1}
2022-06-22 16:14:46 [httpLog] {"method":"GET","url":"/newRequest","data":{"id":100,"name":"user"},"startTime":"2022-06-22 16:14:46","endTime":"2022-06-22 16:14:46","timeLength":3}
2022-06-22 16:25:02 [httpLog] {"method":"GET","url":"/newRequest","data":{"id":100,"name":"user"},"startTime":"2022-06-22 16:25:02","endTime":"2022-06-22 16:25:02","timeLength":4}
2022-06-22 16:32:08 [httpLog] {"method":"GET","url":"/newResponse","data":{},"startTime":"2022-06-22 16:32:08","endTime":"2022-06-22 16:32:08","timeLength":3}
2022-06-22 16:32:34 [httpLog] {"method":"GET","url":"/newResponse","data":{},"startTime":"2022-06-22 16:32:34","endTime":"2022-06-22 16:32:34","timeLength":1}
2022-06-22 16:33:50 [httpLog] {"method":"GET","url":"/newResponse","data":{},"startTime":"2022-06-22 16:33:50","endTime":"2022-06-22 16:33:50","timeLength":3}
2022-06-22 16:38:49 [httpLog] {"method":"GET","url":"/newResponse","data":{},"startTime":"2022-06-22 16:38:49","endTime":"2022-06-22 16:38:49","timeLength":3}
2022-06-22 17:09:19 [httpLog] {"method":"GET","url":"/user","data":{},"startTime":"2022-06-22 17:09:19","endTime":"2022-06-22 17:09:19","timeLength":13}
2022-06-22 17:09:21 [httpLog] {"method":"POST","url":"/login","data":{"name":"admin","pwd":"admin"},"startTime":"2022-06-22 17:09:21","endTime":"2022-06-22 17:09:21","timeLength":3}
2022-06-22 17:09:21 [httpLog] {"method":"GET","url":"/user","data":{},"startTime":"2022-06-22 17:09:21","endTime":"2022-06-22 17:09:21","timeLength":6}
2022-06-22 17:09:28 [httpLog] {"method":"GET","url":"/response","data":{},"startTime":"2022-06-22 17:09:28","endTime":"2022-06-22 17:09:28","timeLength":0}
2022-06-22 17:09:33 [httpLog] {"method":"GET","url":"/resPonse","data":{},"startTime":"2022-06-22 17:09:33","endTime":"2022-06-22 17:09:33","timeLength":0}
2022-06-22 17:09:39 [httpLog] {"method":"GET","url":"/response","data":{},"startTime":"2022-06-22 17:09:39","endTime":"2022-06-22 17:09:39","timeLength":0}
2022-06-22 17:10:52 [httpLog] {"method":"GET","url":"/user","data":{},"startTime":"2022-06-22 17:10:52","endTime":"2022-06-22 17:10:52","timeLength":4}
2022-06-23 09:05:04 [httpLog] {"method":"GET","url":"/user","data":{},"startTime":"2022-06-23 09:05:04","endTime":"2022-06-23 09:05:04","timeLength":13}
2022-06-23 09:05:05 [httpLog] {"method":"POST","url":"/login","data":{"name":"admin","pwd":"admin"},"startTime":"2022-06-23 09:05:05","endTime":"2022-06-23 09:05:05","timeLength":1}
2022-06-23 09:05:05 [httpLog] {"method":"GET","url":"/user","data":{},"startTime":"2022-06-23 09:05:05","endTime":"2022-06-23 09:05:05","timeLength":6}
2022-06-23 09:05:10 [httpLog] {"method":"POST","url":"/logout","data":{},"startTime":"2022-06-23 09:05:10","endTime":"2022-06-23 09:05:10","timeLength":2}
2022-06-23 09:05:12 [httpLog] {"method":"GET","url":"/user","data":{},"startTime":"2022-06-23 09:05:12","endTime":"2022-06-23 09:05:12","timeLength":8}
2022-06-23 09:55:03 [httpLog] {"method":"POST","url":"/login","data":{"name":"admin","pwd":"admin"},"startTime":"2022-06-23 09:55:03","endTime":"2022-06-23 09:55:03","timeLength":2}
2022-06-23 09:55:03 [httpLog] {"method":"GET","url":"/user","data":{},"startTime":"2022-06-23 09:55:03","endTime":"2022-06-23 09:55:03","timeLength":10}
2022-06-23 09:55:05 [httpLog] {"method":"GET","url":"/user/lists'","data":{},"startTime":"2022-06-23 09:55:05","endTime":"2022-06-23 09:55:05","timeLength":0}
2022-06-23 09:55:22 [httpLog] {"method":"GET","url":"/user/lists","data":{},"startTime":"2022-06-23 09:55:21","endTime":"2022-06-23 09:55:22","timeLength":1502}
2022-06-23 09:55:51 [httpLog] {"method":"GET","url":"/user/lists","data":{},"startTime":"2022-06-23 09:55:50","endTime":"2022-06-23 09:55:51","timeLength":1513}
2022-06-23 09:57:36 [httpLog] {"method":"POST","url":"/logout","data":{},"startTime":"2022-06-23 09:57:36","endTime":"2022-06-23 09:57:36","timeLength":2}
2022-06-23 09:57:37 [httpLog] {"method":"POST","url":"/login","data":{"name":"admin","pwd":"admin"},"startTime":"2022-06-23 09:57:37","endTime":"2022-06-23 09:57:37","timeLength":1}
2022-06-23 09:57:37 [httpLog] {"method":"GET","url":"/user","data":{},"startTime":"2022-06-23 09:57:37","endTime":"2022-06-23 09:57:37","timeLength":7}
2022-06-23 09:57:42 [httpLog] {"method":"GET","url":"/user/lists","data":{},"startTime":"2022-06-23 09:57:40","endTime":"2022-06-23 09:57:42","timeLength":1518}
2022-06-23 10:23:47 [httpLog] {"method":"POST","url":"/login","data":{"name":"admin","pwd":"admin"},"startTime":"2022-06-23 10:23:47","endTime":"2022-06-23 10:23:47","timeLength":3}
2022-06-23 10:23:47 [httpLog] {"method":"GET","url":"/user","data":{},"startTime":"2022-06-23 10:23:47","endTime":"2022-06-23 10:23:47","timeLength":11}
2022-06-23 10:24:00 [httpLog] {"method":"POST","url":"/logout","data":{},"startTime":"2022-06-23 10:24:00","endTime":"2022-06-23 10:24:00","timeLength":2}
2022-06-23 10:24:00 [httpLog] {"method":"POST","url":"/login","data":{"name":"admin","pwd":"admin"},"startTime":"2022-06-23 10:24:00","endTime":"2022-06-23 10:24:00","timeLength":1}
2022-06-23 10:24:00 [httpLog] {"method":"GET","url":"/user","data":{},"startTime":"2022-06-23 10:24:00","endTime":"2022-06-23 10:24:00","timeLength":6}
2022-06-23 10:24:03 [httpLog] {"method":"GET","url":"/user/lists","data":{},"startTime":"2022-06-23 10:24:03","endTime":"2022-06-23 10:24:03","timeLength":2}
2022-06-23 10:27:39 [httpLog] {"method":"POST","url":"/login","data":{"name":"admin","pwd":"admin"},"startTime":"2022-06-23 10:27:39","endTime":"2022-06-23 10:27:39","timeLength":3}
2022-06-23 10:27:39 [httpLog] {"method":"GET","url":"/user","data":{},"startTime":"2022-06-23 10:27:39","endTime":"2022-06-23 10:27:39","timeLength":9}
2022-06-23 10:27:42 [httpLog] {"method":"GET","url":"/user/detail2/1","data":{},"startTime":"2022-06-23 10:27:42","endTime":"2022-06-23 10:27:42","timeLength":58}
2022-06-23 10:32:45 [httpLog] {"method":"POST","url":"/login","data":{"name":"admin","pwd":"admin"},"startTime":"2022-06-23 10:32:45","endTime":"2022-06-23 10:32:45","timeLength":2}
2022-06-23 10:32:45 [httpLog] {"method":"GET","url":"/user","data":{},"startTime":"2022-06-23 10:32:45","endTime":"2022-06-23 10:32:45","timeLength":6}
2022-06-23 10:32:46 [httpLog] {"method":"POST","url":"/login","data":{"name":"admin","pwd":"admin"},"startTime":"2022-06-23 10:32:46","endTime":"2022-06-23 10:32:46","timeLength":1}
2022-06-23 10:32:46 [httpLog] {"method":"GET","url":"/user","data":{},"startTime":"2022-06-23 10:32:46","endTime":"2022-06-23 10:32:46","timeLength":3}
2022-06-23 10:32:46 [httpLog] {"method":"POST","url":"/login","data":{"name":"admin","pwd":"admin"},"startTime":"2022-06-23 10:32:46","endTime":"2022-06-23 10:32:46","timeLength":0}
2022-06-23 10:32:46 [httpLog] {"method":"GET","url":"/user","data":{},"startTime":"2022-06-23 10:32:46","endTime":"2022-06-23 10:32:46","timeLength":2}
2022-06-23 10:32:47 [httpLog] {"method":"POST","url":"/login","data":{"name":"admin","pwd":"admin"},"startTime":"2022-06-23 10:32:47","endTime":"2022-06-23 10:32:47","timeLength":0}
2022-06-23 10:32:47 [httpLog] {"method":"GET","url":"/user","data":{},"startTime":"2022-06-23 10:32:47","endTime":"2022-06-23 10:32:47","timeLength":2}
2022-06-23 10:32:47 [httpLog] {"method":"POST","url":"/login","data":{"name":"admin","pwd":"admin"},"startTime":"2022-06-23 10:32:47","endTime":"2022-06-23 10:32:47","timeLength":1}
2022-06-23 10:32:47 [httpLog] {"method":"GET","url":"/user","data":{},"startTime":"2022-06-23 10:32:47","endTime":"2022-06-23 10:32:47","timeLength":2}
2022-06-23 10:35:07 [httpLog] {"method":"POST","url":"/user/add","data":{"name":"user3","pwd":"123456"},"startTime":"2022-06-23 10:35:06","endTime":"2022-06-23 10:35:07","timeLength":320}
2022-06-23 10:40:27 [httpLog] {"method":"GET","url":"/user/detail2/1","data":{},"startTime":"2022-06-23 10:40:27","endTime":"2022-06-23 10:40:27","timeLength":5}
2022-06-23 10:40:40 [httpLog] {"method":"GET","url":"/user/lists","data":{},"startTime":"2022-06-23 10:40:40","endTime":"2022-06-23 10:40:40","timeLength":2}
2022-06-23 10:41:14 [httpLog] {"method":"PUT","url":"/user/edit","data":{"id":3,"name":"user3","pwd":"abc123456"},"startTime":"2022-06-23 10:41:13","endTime":"2022-06-23 10:41:14","timeLength":371}
2022-06-23 10:41:28 [httpLog] {"method":"GET","url":"/user/lists","data":{},"startTime":"2022-06-23 10:41:28","endTime":"2022-06-23 10:41:28","timeLength":1}
2022-06-23 10:45:06 [httpLog] {"method":"DELETE","url":"/user/del%0A","data":{"id":3},"startTime":"2022-06-23 10:45:06","endTime":"2022-06-23 10:45:06","timeLength":2}
2022-06-23 10:46:03 [httpLog] {"method":"GET","url":"/user/lists","data":{},"startTime":"2022-06-23 10:46:03","endTime":"2022-06-23 10:46:03","timeLength":7}
2022-06-23 10:46:43 [httpLog] {"method":"DELETE","url":"/user/del%0A","data":{"id":3},"startTime":"2022-06-23 10:46:43","endTime":"2022-06-23 10:46:43","timeLength":0}
2022-06-23 10:48:07 [httpLog] {"method":"DELETE","url":"/user/del%0A","data":{"id":3},"startTime":"2022-06-23 10:48:07","endTime":"2022-06-23 10:48:07","timeLength":2}
2022-06-23 10:48:30 [httpLog] {"method":"DELETE","url":"/user/del%0A","data":{"id":3},"startTime":"2022-06-23 10:48:30","endTime":"2022-06-23 10:48:30","timeLength":1}
2022-06-23 10:48:36 [httpLog] {"method":"DELETE","url":"/user/del%0A","data":{"id":3},"startTime":"2022-06-23 10:48:36","endTime":"2022-06-23 10:48:36","timeLength":0}
2022-06-23 10:49:13 [httpLog] {"method":"GET","url":"/user/lists","data":{},"startTime":"2022-06-23 10:49:13","endTime":"2022-06-23 10:49:13","timeLength":2}
2022-06-23 10:49:13 [httpLog] {"method":"GET","url":"/user/lists","data":{},"startTime":"2022-06-23 10:49:13","endTime":"2022-06-23 10:49:13","timeLength":2}
2022-06-23 10:50:11 [httpLog] {"method":"DELETE","url":"/user/del%0A","data":{"id":3},"startTime":"2022-06-23 10:50:11","endTime":"2022-06-23 10:50:11","timeLength":2}
2022-06-23 10:50:18 [httpLog] {"method":"DELETE","url":"/user/del%0A","data":{"id":3},"startTime":"2022-06-23 10:50:18","endTime":"2022-06-23 10:50:18","timeLength":1}
2022-06-23 10:50:35 [httpLog] {"method":"GET","url":"/user/lists","data":{},"startTime":"2022-06-23 10:50:35","endTime":"2022-06-23 10:50:35","timeLength":3}
2022-06-23 10:50:46 [httpLog] {"method":"DELETE","url":"/user/del%0A","data":{"id":3},"startTime":"2022-06-23 10:50:46","endTime":"2022-06-23 10:50:46","timeLength":1}
2022-06-23 10:53:50 [httpLog] {"method":"DELETE","url":"/user/del%0A","data":{"id":3},"startTime":"2022-06-23 10:53:50","endTime":"2022-06-23 10:53:50","timeLength":0}
2022-06-23 10:54:03 [httpLog] {"method":"DELETE","url":"/user/del%0A","data":{"id":3},"startTime":"2022-06-23 10:54:03","endTime":"2022-06-23 10:54:03","timeLength":0}
2022-06-23 10:54:19 [httpLog] {"method":"DELETE","url":"/user/del%0A","data":{"id":3},"startTime":"2022-06-23 10:54:19","endTime":"2022-06-23 10:54:19","timeLength":0}
2022-06-23 10:57:35 [httpLog] {"method":"DELETE","url":"/user/del%0A","data":{"id":3},"startTime":"2022-06-23 10:57:35","endTime":"2022-06-23 10:57:35","timeLength":1}
2022-06-23 10:59:20 [httpLog] {"method":"DELETE","url":"/user/del%0A","data":{"id":3},"startTime":"2022-06-23 10:59:20","endTime":"2022-06-23 10:59:20","timeLength":1}
2022-06-23 10:59:50 [httpLog] {"method":"DELETE","url":"/user/del%0A","data":{"id":3},"startTime":"2022-06-23 10:59:50","endTime":"2022-06-23 10:59:50","timeLength":1}
2022-06-23 10:59:57 [httpLog] {"method":"DELETE","url":"/user/del","data":{"id":3},"startTime":"2022-06-23 10:59:57","endTime":"2022-06-23 10:59:57","timeLength":301}
2022-06-23 11:00:06 [httpLog] {"method":"GET","url":"/user/lists","data":{},"startTime":"2022-06-23 11:00:06","endTime":"2022-06-23 11:00:06","timeLength":2}
2022-06-23 14:31:37 [httpLog] {"method":"GET","url":"/user/lists","data":{},"startTime":"2022-06-23 14:31:37","endTime":"2022-06-23 14:31:37","timeLength":7}
2022-06-23 14:31:38 [httpLog] {"method":"GET","url":"/user/lists","data":{},"startTime":"2022-06-23 14:31:38","endTime":"2022-06-23 14:31:38","timeLength":3}
2022-06-23 14:31:39 [httpLog] {"method":"GET","url":"/user/lists","data":{},"startTime":"2022-06-23 14:31:39","endTime":"2022-06-23 14:31:39","timeLength":2}
2022-06-23 14:32:12 [httpLog] {"method":"GET","url":"/user/lists","data":{},"startTime":"2022-06-23 14:32:12","endTime":"2022-06-23 14:32:12","timeLength":8}
2022-06-23 14:35:46 [httpLog] {"method":"GET","url":"/user/lists","data":{},"startTime":"2022-06-23 14:35:46","endTime":"2022-06-23 14:35:46","timeLength":7}
2022-06-23 14:35:47 [httpLog] {"method":"GET","url":"/user/lists","data":{},"startTime":"2022-06-23 14:35:47","endTime":"2022-06-23 14:35:47","timeLength":3}
2022-06-23 14:36:23 [httpLog] {"method":"GET","url":"/user/lists","data":{},"startTime":"2022-06-23 14:36:23","endTime":"2022-06-23 14:36:23","timeLength":9}
2022-06-23 14:36:24 [httpLog] {"method":"GET","url":"/user/lists","data":{},"startTime":"2022-06-23 14:36:24","endTime":"2022-06-23 14:36:24","timeLength":2}
2022-06-23 14:38:29 [httpLog] {"method":"GET","url":"/user/detail1/1","data":{},"startTime":"2022-06-23 14:38:29","endTime":"2022-06-23 14:38:29","timeLength":1}
2022-06-23 14:38:33 [httpLog] {"method":"GET","url":"/user/detail/1","data":{},"startTime":"2022-06-23 14:38:33","endTime":"2022-06-23 14:38:33","timeLength":1}
2022-06-23 14:38:37 [httpLog] {"method":"GET","url":"/user/detail","data":{},"startTime":"2022-06-23 14:38:37","endTime":"2022-06-23 14:38:37","timeLength":1}
2022-06-23 14:39:10 [httpLog] {"method":"GET","url":"/user/detail?id=1","data":{},"startTime":"2022-06-23 14:39:10","endTime":"2022-06-23 14:39:10","timeLength":9}
2022-06-23 14:41:51 [httpLog] {"method":"POST","url":"/user/add","data":{"name":"user3","pwd":"123456"},"startTime":"2022-06-23 14:41:50","endTime":"2022-06-23 14:41:51","timeLength":419}
2022-06-23 14:42:14 [httpLog] {"method":"GET","url":"/user/lists","data":{},"startTime":"2022-06-23 14:42:14","endTime":"2022-06-23 14:42:14","timeLength":7}
2022-06-23 14:42:27 [httpLog] {"method":"GET","url":"/user/lists","data":{},"startTime":"2022-06-23 14:42:27","endTime":"2022-06-23 14:42:27","timeLength":4}
2022-06-23 14:42:28 [httpLog] {"method":"GET","url":"/user/lists","data":{},"startTime":"2022-06-23 14:42:28","endTime":"2022-06-23 14:42:28","timeLength":8}
2022-06-23 14:50:31 [httpLog] {"method":"PUT","url":"/user/edit","data":{"id":3,"name":"user3","pwd":"abc123456"},"startTime":"2022-06-23 14:50:31","endTime":"2022-06-23 14:50:31","timeLength":10}
2022-06-23 14:51:05 [httpLog] {"method":"PUT","url":"/user/edit","data":{"id":4,"name":"user4","pwd":"abc123456"},"startTime":"2022-06-23 14:51:05","endTime":"2022-06-23 14:51:05","timeLength":8}
2022-06-23 14:51:29 [httpLog] {"method":"GET","url":"/user/lists","data":{},"startTime":"2022-06-23 14:51:29","endTime":"2022-06-23 14:51:29","timeLength":3}
2022-06-23 14:53:22 [httpLog] {"method":"DELETE","url":"/user/del","data":{"id":3},"startTime":"2022-06-23 14:53:22","endTime":"2022-06-23 14:53:22","timeLength":10}
2022-06-23 14:53:46 [httpLog] {"method":"DELETE","url":"/user/del","data":{"id":4},"startTime":"2022-06-23 14:53:46","endTime":"2022-06-23 14:53:46","timeLength":6}
2022-06-23 14:53:54 [httpLog] {"method":"GET","url":"/user/lists","data":{},"startTime":"2022-06-23 14:53:54","endTime":"2022-06-23 14:53:54","timeLength":1}
